[DEBUG][22-05-24][org.apache.ibatis.logging.LogFactory]Logging initialized using 'class org.apache.ibatis.logging.log4j.Log4jImpl' adapter.
[DEBUG][22-05-24][org.apache.ibatis.datasource.pooled.PooledDataSource]PooledDataSource forcefully closed/removed all connections.
[DEBUG][22-05-24][org.apache.ibatis.datasource.pooled.PooledDataSource]PooledDataSource forcefully closed/removed all connections.
[DEBUG][22-05-24][org.apache.ibatis.datasource.pooled.PooledDataSource]PooledDataSource forcefully closed/removed all connections.
[DEBUG][22-05-24][org.apache.ibatis.datasource.pooled.PooledDataSource]PooledDataSource forcefully closed/removed all connections.
[DEBUG][22-05-24][org.apache.ibatis.transaction.jdbc.JdbcTransaction]Opening JDBC Connection
[DEBUG][22-05-24][org.apache.ibatis.datasource.pooled.PooledDataSource]Created connection 1270038388.
[DEBUG][22-05-24][org.apache.ibatis.transaction.jdbc.JdbcTransaction]Setting autocommit to false on JDBC Connection [com.mysql.cj.jdbc.ConnectionImpl@4bb33f74]
[DEBUG][22-05-24][com.mapper.UserMapper.getUserByRowBounds]==>  Preparing: select * from mybatis.user
[DEBUG][22-05-24][com.mapper.UserMapper.getUserByRowBounds]==> Parameters: 
[DEBUG][22-05-24][com.mapper.UserMapper.getUserByRowBounds]<==      Total: 6
[DEBUG][22-05-24][org.apache.ibatis.transaction.jdbc.JdbcTransaction]Resetting autocommit to true on JDBC Connection [com.mysql.cj.jdbc.ConnectionImpl@4bb33f74]
[DEBUG][22-05-24][org.apache.ibatis.transaction.jdbc.JdbcTransaction]Closing JDBC Connection [com.mysql.cj.jdbc.ConnectionImpl@4bb33f74]
[DEBUG][22-05-24][org.apache.ibatis.datasource.pooled.PooledDataSource]Returned connection 1270038388 to pool.
[DEBUG][22-05-24][org.apache.ibatis.logging.LogFactory]Logging initialized using 'class org.apache.ibatis.logging.log4j.Log4jImpl' adapter.
[DEBUG][22-05-24][org.apache.ibatis.datasource.pooled.PooledDataSource]PooledDataSource forcefully closed/removed all connections.
[DEBUG][22-05-24][org.apache.ibatis.datasource.pooled.PooledDataSource]PooledDataSource forcefully closed/removed all connections.
[DEBUG][22-05-24][org.apache.ibatis.datasource.pooled.PooledDataSource]PooledDataSource forcefully closed/removed all connections.
[DEBUG][22-05-24][org.apache.ibatis.datasource.pooled.PooledDataSource]PooledDataSource forcefully closed/removed all connections.
[DEBUG][22-05-24][org.apache.ibatis.transaction.jdbc.JdbcTransaction]Opening JDBC Connection
[DEBUG][22-05-24][org.apache.ibatis.datasource.pooled.PooledDataSource]Created connection 1270038388.
[DEBUG][22-05-24][org.apache.ibatis.transaction.jdbc.JdbcTransaction]Setting autocommit to false on JDBC Connection [com.mysql.cj.jdbc.ConnectionImpl@4bb33f74]
[DEBUG][22-05-24][com.mapper.UserMapper.getUserByRowBounds]==>  Preparing: select * from mybatis.user
[DEBUG][22-05-24][com.mapper.UserMapper.getUserByRowBounds]==> Parameters: 
[DEBUG][22-05-24][org.apache.ibatis.transaction.jdbc.JdbcTransaction]Resetting autocommit to true on JDBC Connection [com.mysql.cj.jdbc.ConnectionImpl@4bb33f74]
[DEBUG][22-05-24][org.apache.ibatis.transaction.jdbc.JdbcTransaction]Closing JDBC Connection [com.mysql.cj.jdbc.ConnectionImpl@4bb33f74]
[DEBUG][22-05-24][org.apache.ibatis.datasource.pooled.PooledDataSource]Returned connection 1270038388 to pool.
